<?xml version="1.0" encoding="UTF-8"?>
<testsuite name="bridgelabz.MyLinkedListTest" tests="1" skipped="0" failures="0" errors="0" timestamp="2021-06-16T08:12:20" hostname="DESKTOP-I19OHT9" time="0.008">
  <properties/>
  <testcase name="StackIsPeekOrPop_shouldReturnPopNodeData" classname="bridgelabz.MyLinkedListTest" time="0.008"/>
  <system-out><![CDATA[]]></system-out>
  <system-err><![CDATA[]]></system-err>
</testsuite>
